# JRE version: Java(TM) SE Runtime Environment (8.0_65-b17) (build 1.8.0_65-b17)
# Java VM: Java HotSpot(TM) 64-Bit Server VM (25.65-b01 mixed mode windows-amd64 compressed oops)
Heap:
 PSYoungGen      total 343552K, used 158570K [0x00000000d5f80000, 0x00000000ed580000, 0x0000000100000000)
  eden space 304128K, 51% used [0x00000000d5f80000,0x00000000df822898,0x00000000e8880000)
  from space 39424K, 5% used [0x00000000e8880000,0x00000000e8ab8000,0x00000000eaf00000)
  to   space 37376K, 0% used [0x00000000eb100000,0x00000000eb100000,0x00000000ed580000)
 ParOldGen       total 117248K, used 66202K [0x0000000081e00000, 0x0000000089080000, 0x00000000d5f80000)
  object space 117248K, 56% used [0x0000000081e00000,0x0000000085ea68f8,0x0000000089080000)
 Metaspace       used 13823K, capacity 14046K, committed 14208K, reserved 1060864K
  class space    used 1744K, capacity 1837K, committed 1920K, reserved 1048576K
GC Heap History (10 events):
Event: 7.859 GC heap before
{Heap before GC invocations=12 (full 1):
 PSYoungGen      total 266752K, used 231296K [0x00000000d5f80000, 0x00000000e8c00000, 0x0000000100000000)
  eden space 229888K, 100% used [0x00000000d5f80000,0x00000000e4000000,0x00000000e4000000)
  from space 36864K, 3% used [0x00000000e6800000,0x00000000e6960010,0x00000000e8c00000)
  to   space 38912K, 0% used [0x00000000e4000000,0x00000000e4000000,0x00000000e6600000)
 ParOldGen       total 117248K, used 64946K [0x0000000081e00000, 0x0000000089080000, 0x00000000d5f80000)
  object space 117248K, 55% used [0x0000000081e00000,0x0000000085d6c8d8,0x0000000089080000)
 Metaspace       used 13674K, capacity 13918K, committed 14208K, reserved 1060864K
  class space    used 1744K, capacity 1837K, committed 1920K, reserved 1048576K
Event: 7.869 GC heap after
Heap after GC invocations=12 (full 1):
 PSYoungGen      total 268800K, used 1760K [0x00000000d5f80000, 0x00000000ed780000, 0x0000000100000000)
  eden space 229888K, 0% used [0x00000000d5f80000,0x00000000d5f80000,0x00000000e4000000)
  from space 38912K, 4% used [0x00000000e4000000,0x00000000e41b8000,0x00000000e6600000)
  to   space 39424K, 0% used [0x00000000eb100000,0x00000000eb100000,0x00000000ed780000)
 ParOldGen       total 117248K, used 65082K [0x0000000081e00000, 0x0000000089080000, 0x00000000d5f80000)
  object space 117248K, 55% used [0x0000000081e00000,0x0000000085d8e8e8,0x0000000089080000)
 Metaspace       used 13674K, capacity 13918K, committed 14208K, reserved 1060864K
  class space    used 1744K, capacity 1837K, committed 1920K, reserved 1048576K
}
Event: 9.172 GC heap before
{Heap before GC invocations=13 (full 1):
 PSYoungGen      total 268800K, used 231648K [0x00000000d5f80000, 0x00000000ed780000, 0x0000000100000000)
  eden space 229888K, 100% used [0x00000000d5f80000,0x00000000e4000000,0x00000000e4000000)
  from space 38912K, 4% used [0x00000000e4000000,0x00000000e41b8000,0x00000000e6600000)
  to   space 39424K, 0% used [0x00000000eb100000,0x00000000eb100000,0x00000000ed780000)
 ParOldGen       total 117248K, used 65082K [0x0000000081e00000, 0x0000000089080000, 0x00000000d5f80000)
  object space 117248K, 55% used [0x0000000081e00000,0x0000000085d8e8e8,0x0000000089080000)
 Metaspace       used 13688K, capacity 13918K, committed 14208K, reserved 1060864K
  class space    used 1744K, capacity 1837K, committed 1920K, reserved 1048576K
Event: 9.181 GC heap after
Heap after GC invocations=13 (full 1):
 PSYoungGen      total 341504K, used 1664K [0x00000000d5f80000, 0x00000000ed580000, 0x0000000100000000)
  eden space 304128K, 0% used [0x00000000d5f80000,0x00000000d5f80000,0x00000000e8880000)
  from space 37376K, 4% used [0x00000000eb100000,0x00000000eb2a0000,0x00000000ed580000)
  to   space 39424K, 0% used [0x00000000e8880000,0x00000000e8880000,0x00000000eaf00000)
 ParOldGen       total 117248K, used 65130K [0x0000000081e00000, 0x0000000089080000, 0x00000000d5f80000)
  object space 117248K, 55% used [0x0000000081e00000,0x0000000085d9a8e8,0x0000000089080000)
 Metaspace       used 13688K, capacity 13918K, committed 14208K, reserved 1060864K
  class space    used 1744K, capacity 1837K, committed 1920K, reserved 1048576K
}
Event: 10.894 GC heap before
{Heap before GC invocations=14 (full 1):
 PSYoungGen      total 341504K, used 305791K [0x00000000d5f80000, 0x00000000ed580000, 0x0000000100000000)
  eden space 304128K, 99% used [0x00000000d5f80000,0x00000000e887fc90,0x00000000e8880000)
  from space 37376K, 4% used [0x00000000eb100000,0x00000000eb2a0000,0x00000000ed580000)
  to   space 39424K, 0% used [0x00000000e8880000,0x00000000e8880000,0x00000000eaf00000)
 ParOldGen       total 117248K, used 65130K [0x0000000081e00000, 0x0000000089080000, 0x00000000d5f80000)
  object space 117248K, 55% used [0x0000000081e00000,0x0000000085d9a8e8,0x0000000089080000)
 Metaspace       used 13730K, capacity 13982K, committed 14208K, reserved 1060864K
  class space    used 1744K, capacity 1837K, committed 1920K, reserved 1048576K
Event: 10.903 GC heap after
Heap after GC invocations=14 (full 1):
 PSYoungGen      total 343552K, used 2528K [0x00000000d5f80000, 0x00000000ed580000, 0x0000000100000000)
  eden space 304128K, 0% used [0x00000000d5f80000,0x00000000d5f80000,0x00000000e8880000)
  from space 39424K, 6% used [0x00000000e8880000,0x00000000e8af8010,0x00000000eaf00000)
  to   space 37376K, 0% used [0x00000000eb100000,0x00000000eb100000,0x00000000ed580000)
 ParOldGen       total 117248K, used 65154K [0x0000000081e00000, 0x0000000089080000, 0x00000000d5f80000)
  object space 117248K, 55% used [0x0000000081e00000,0x0000000085da08e8,0x0000000089080000)
 Metaspace       used 13730K, capacity 13982K, committed 14208K, reserved 1060864K
  class space    used 1744K, capacity 1837K, committed 1920K, reserved 1048576K
}
Event: 12.570 GC heap before
{Heap before GC invocations=15 (full 1):
 PSYoungGen      total 343552K, used 306656K [0x00000000d5f80000, 0x00000000ed580000, 0x0000000100000000)
  eden space 304128K, 100% used [0x00000000d5f80000,0x00000000e8880000,0x00000000e8880000)
  from space 39424K, 6% used [0x00000000e8880000,0x00000000e8af8010,0x00000000eaf00000)
  to   space 37376K, 0% used [0x00000000eb100000,0x00000000eb100000,0x00000000ed580000)
 ParOldGen       total 117248K, used 65154K [0x0000000081e00000, 0x0000000089080000, 0x00000000d5f80000)
  object space 117248K, 55% used [0x0000000081e00000,0x0000000085da08e8,0x0000000089080000)
 Metaspace       used 13765K, capacity 13982K, committed 14208K, reserved 1060864K
  class space    used 1744K, capacity 1837K, committed 1920K, reserved 1048576K
Event: 12.583 GC heap after
Heap after GC invocations=15 (full 1):
 PSYoungGen      total 341504K, used 2272K [0x00000000d5f80000, 0x00000000ed580000, 0x0000000100000000)
  eden space 304128K, 0% used [0x00000000d5f80000,0x00000000d5f80000,0x00000000e8880000)
  from space 37376K, 6% used [0x00000000eb100000,0x00000000eb338000,0x00000000ed580000)
  to   space 39424K, 0% used [0x00000000e8880000,0x00000000e8880000,0x00000000eaf00000)
 ParOldGen       total 117248K, used 66186K [0x0000000081e00000, 0x0000000089080000, 0x00000000d5f80000)
  object space 117248K, 56% used [0x0000000081e00000,0x0000000085ea28f8,0x0000000089080000)
 Metaspace       used 13765K, capacity 13982K, committed 14208K, reserved 1060864K
  class space    used 1744K, capacity 1837K, committed 1920K, reserved 1048576K
}
Event: 14.273 GC heap before
{Heap before GC invocations=16 (full 1):
 PSYoungGen      total 341504K, used 306400K [0x00000000d5f80000, 0x00000000ed580000, 0x0000000100000000)
  eden space 304128K, 100% used [0x00000000d5f80000,0x00000000e8880000,0x00000000e8880000)
  from space 37376K, 6% used [0x00000000eb100000,0x00000000eb338000,0x00000000ed580000)
  to   space 39424K, 0% used [0x00000000e8880000,0x00000000e8880000,0x00000000eaf00000)
 ParOldGen       total 117248K, used 66186K [0x0000000081e00000, 0x0000000089080000, 0x00000000d5f80000)
  object space 117248K, 56% used [0x0000000081e00000,0x0000000085ea28f8,0x0000000089080000)
 Metaspace       used 13822K, capacity 14046K, committed 14208K, reserved 1060864K
  class space    used 1744K, capacity 1837K, committed 1920K, reserved 1048576K
Event: 14.283 GC heap after
Heap after GC invocations=16 (full 1):
 PSYoungGen      total 343552K, used 2272K [0x00000000d5f80000, 0x00000000ed580000, 0x0000000100000000)
  eden space 304128K, 0% used [0x00000000d5f80000,0x00000000d5f80000,0x00000000e8880000)
  from space 39424K, 5% used [0x00000000e8880000,0x00000000e8ab8000,0x00000000eaf00000)
  to   space 37376K, 0% used [0x00000000eb100000,0x00000000eb100000,0x00000000ed580000)
 ParOldGen       total 117248K, used 66202K [0x0000000081e00000, 0x0000000089080000, 0x00000000d5f80000)
  object space 117248K, 56% used [0x0000000081e00000,0x0000000085ea68f8,0x0000000089080000)
 Metaspace       used 13822K, capacity 14046K, committed 14208K, reserved 1060864K
  class space    used 1744K, capacity 1837K, committed 1920K, reserved 1048576K
}

