# JRE version: Java(TM) SE Runtime Environment (8.0_65-b17) (build 1.8.0_65-b17)
# Java VM: Java HotSpot(TM) 64-Bit Server VM (25.65-b01 mixed mode windows-amd64 compressed oops)
Heap:
 PSYoungGen      total 631296K, used 576059K [0x00000000d5f80000, 0x00000000fe180000, 0x0000000100000000)
  eden space 605184K, 94% used [0x00000000d5f80000,0x00000000f8d2ee88,0x00000000fae80000)
  from space 26112K, 19% used [0x00000000fae80000,0x00000000fb360000,0x00000000fc800000)
  to   space 25088K, 0% used [0x00000000fc900000,0x00000000fc900000,0x00000000fe180000)
 ParOldGen       total 109568K, used 76865K [0x0000000081e00000, 0x0000000088900000, 0x00000000d5f80000)
  object space 109568K, 70% used [0x0000000081e00000,0x0000000086910570,0x0000000088900000)
 Metaspace       used 14153K, capacity 14360K, committed 14464K, reserved 1062912K
  class space    used 1812K, capacity 1900K, committed 1920K, reserved 1048576K
GC Heap History (10 events):
Event: 28.208 GC heap before
{Heap before GC invocations=22 (full 1):
 PSYoungGen      total 630272K, used 609152K [0x00000000d5f80000, 0x00000000fe180000, 0x0000000100000000)
  eden space 605184K, 100% used [0x00000000d5f80000,0x00000000fae80000,0x00000000fae80000)
  from space 25088K, 15% used [0x00000000fc900000,0x00000000fcce0000,0x00000000fe180000)
  to   space 26112K, 0% used [0x00000000fae80000,0x00000000fae80000,0x00000000fc800000)
 ParOldGen       total 109568K, used 74664K [0x0000000081e00000, 0x0000000088900000, 0x00000000d5f80000)
  object space 109568K, 68% used [0x0000000081e00000,0x00000000866ea208,0x0000000088900000)
 Metaspace       used 14092K, capacity 14296K, committed 14464K, reserved 1062912K
  class space    used 1812K, capacity 1900K, committed 1920K, reserved 1048576K
Event: 28.236 GC heap after
Heap after GC invocations=22 (full 1):
 PSYoungGen      total 631296K, used 5344K [0x00000000d5f80000, 0x00000000fe180000, 0x0000000100000000)
  eden space 605184K, 0% used [0x00000000d5f80000,0x00000000d5f80000,0x00000000fae80000)
  from space 26112K, 20% used [0x00000000fae80000,0x00000000fb3b8010,0x00000000fc800000)
  to   space 25088K, 0% used [0x00000000fc900000,0x00000000fc900000,0x00000000fe180000)
 ParOldGen       total 109568K, used 74688K [0x0000000081e00000, 0x0000000088900000, 0x00000000d5f80000)
  object space 109568K, 68% used [0x0000000081e00000,0x00000000866f0208,0x0000000088900000)
 Metaspace       used 14092K, capacity 14296K, committed 14464K, reserved 1062912K
  class space    used 1812K, capacity 1900K, committed 1920K, reserved 1048576K
}
Event: 31.331 GC heap before
{Heap before GC invocations=23 (full 1):
 PSYoungGen      total 631296K, used 610528K [0x00000000d5f80000, 0x00000000fe180000, 0x0000000100000000)
  eden space 605184K, 100% used [0x00000000d5f80000,0x00000000fae80000,0x00000000fae80000)
  from space 26112K, 20% used [0x00000000fae80000,0x00000000fb3b8010,0x00000000fc800000)
  to   space 25088K, 0% used [0x00000000fc900000,0x00000000fc900000,0x00000000fe180000)
 ParOldGen       total 109568K, used 74690K [0x0000000081e00000, 0x0000000088900000, 0x00000000d5f80000)
  object space 109568K, 68% used [0x0000000081e00000,0x00000000866f0908,0x0000000088900000)
 Metaspace       used 14095K, capacity 14296K, committed 14464K, reserved 1062912K
  class space    used 1812K, capacity 1900K, committed 1920K, reserved 1048576K
Event: 31.353 GC heap after
Heap after GC invocations=23 (full 1):
 PSYoungGen      total 630272K, used 4896K [0x00000000d5f80000, 0x00000000fe180000, 0x0000000100000000)
  eden space 605184K, 0% used [0x00000000d5f80000,0x00000000d5f80000,0x00000000fae80000)
  from space 25088K, 19% used [0x00000000fc900000,0x00000000fcdc8000,0x00000000fe180000)
  to   space 26112K, 0% used [0x00000000fae80000,0x00000000fae80000,0x00000000fc800000)
 ParOldGen       total 109568K, used 76762K [0x0000000081e00000, 0x0000000088900000, 0x00000000d5f80000)
  object space 109568K, 70% used [0x0000000081e00000,0x00000000868f6918,0x0000000088900000)
 Metaspace       used 14095K, capacity 14296K, committed 14464K, reserved 1062912K
  class space    used 1812K, capacity 1900K, committed 1920K, reserved 1048576K
}
Event: 34.457 GC heap before
{Heap before GC invocations=24 (full 1):
 PSYoungGen      total 630272K, used 610080K [0x00000000d5f80000, 0x00000000fe180000, 0x0000000100000000)
  eden space 605184K, 100% used [0x00000000d5f80000,0x00000000fae80000,0x00000000fae80000)
  from space 25088K, 19% used [0x00000000fc900000,0x00000000fcdc8000,0x00000000fe180000)
  to   space 26112K, 0% used [0x00000000fae80000,0x00000000fae80000,0x00000000fc800000)
 ParOldGen       total 109568K, used 76763K [0x0000000081e00000, 0x0000000088900000, 0x00000000d5f80000)
  object space 109568K, 70% used [0x0000000081e00000,0x00000000868f6ff8,0x0000000088900000)
 Metaspace       used 14118K, capacity 14360K, committed 14464K, reserved 1062912K
  class space    used 1812K, capacity 1900K, committed 1920K, reserved 1048576K
Event: 34.481 GC heap after
Heap after GC invocations=24 (full 1):
 PSYoungGen      total 631296K, used 4896K [0x00000000d5f80000, 0x00000000fe180000, 0x0000000100000000)
  eden space 605184K, 0% used [0x00000000d5f80000,0x00000000d5f80000,0x00000000fae80000)
  from space 26112K, 18% used [0x00000000fae80000,0x00000000fb348000,0x00000000fc800000)
  to   space 25088K, 0% used [0x00000000fc900000,0x00000000fc900000,0x00000000fe180000)
 ParOldGen       total 109568K, used 76803K [0x0000000081e00000, 0x0000000088900000, 0x00000000d5f80000)
  object space 109568K, 70% used [0x0000000081e00000,0x0000000086900ff8,0x0000000088900000)
 Metaspace       used 14118K, capacity 14360K, committed 14464K, reserved 1062912K
  class space    used 1812K, capacity 1900K, committed 1920K, reserved 1048576K
}
Event: 37.544 GC heap before
{Heap before GC invocations=25 (full 1):
 PSYoungGen      total 631296K, used 610080K [0x00000000d5f80000, 0x00000000fe180000, 0x0000000100000000)
  eden space 605184K, 100% used [0x00000000d5f80000,0x00000000fae80000,0x00000000fae80000)
  from space 26112K, 18% used [0x00000000fae80000,0x00000000fb348000,0x00000000fc800000)
  to   space 25088K, 0% used [0x00000000fc900000,0x00000000fc900000,0x00000000fe180000)
 ParOldGen       total 109568K, used 76817K [0x0000000081e00000, 0x0000000088900000, 0x00000000d5f80000)
  object space 109568K, 70% used [0x0000000081e00000,0x00000000869047a8,0x0000000088900000)
 Metaspace       used 14151K, capacity 14360K, committed 14464K, reserved 1062912K
  class space    used 1812K, capacity 1900K, committed 1920K, reserved 1048576K
Event: 37.566 GC heap after
Heap after GC invocations=25 (full 1):
 PSYoungGen      total 630272K, used 4992K [0x00000000d5f80000, 0x00000000fe180000, 0x0000000100000000)
  eden space 605184K, 0% used [0x00000000d5f80000,0x00000000d5f80000,0x00000000fae80000)
  from space 25088K, 19% used [0x00000000fc900000,0x00000000fcde0000,0x00000000fe180000)
  to   space 26112K, 0% used [0x00000000fae80000,0x00000000fae80000,0x00000000fc800000)
 ParOldGen       total 109568K, used 76841K [0x0000000081e00000, 0x0000000088900000, 0x00000000d5f80000)
  object space 109568K, 70% used [0x0000000081e00000,0x000000008690a7a8,0x0000000088900000)
 Metaspace       used 14151K, capacity 14360K, committed 14464K, reserved 1062912K
  class space    used 1812K, capacity 1900K, committed 1920K, reserved 1048576K
}
Event: 40.552 GC heap before
{Heap before GC invocations=26 (full 1):
 PSYoungGen      total 630272K, used 610176K [0x00000000d5f80000, 0x00000000fe180000, 0x0000000100000000)
  eden space 605184K, 100% used [0x00000000d5f80000,0x00000000fae80000,0x00000000fae80000)
  from space 25088K, 19% used [0x00000000fc900000,0x00000000fcde0000,0x00000000fe180000)
  to   space 26112K, 0% used [0x00000000fae80000,0x00000000fae80000,0x00000000fc800000)
 ParOldGen       total 109568K, used 76849K [0x0000000081e00000, 0x0000000088900000, 0x00000000d5f80000)
  object space 109568K, 70% used [0x0000000081e00000,0x000000008690c570,0x0000000088900000)
 Metaspace       used 14152K, capacity 14360K, committed 14464K, reserved 1062912K
  class space    used 1812K, capacity 1900K, committed 1920K, reserved 1048576K
Event: 40.574 GC heap after
Heap after GC invocations=26 (full 1):
 PSYoungGen      total 631296K, used 4992K [0x00000000d5f80000, 0x00000000fe180000, 0x0000000100000000)
  eden space 605184K, 0% used [0x00000000d5f80000,0x00000000d5f80000,0x00000000fae80000)
  from space 26112K, 19% used [0x00000000fae80000,0x00000000fb360000,0x00000000fc800000)
  to   space 25088K, 0% used [0x00000000fc900000,0x00000000fc900000,0x00000000fe180000)
 ParOldGen       total 109568K, used 76865K [0x0000000081e00000, 0x0000000088900000, 0x00000000d5f80000)
  object space 109568K, 70% used [0x0000000081e00000,0x0000000086910570,0x0000000088900000)
 Metaspace       used 14152K, capacity 14360K, committed 14464K, reserved 1062912K
  class space    used 1812K, capacity 1900K, committed 1920K, reserved 1048576K
}

